<?xml version="1.0" encoding="UTF-8"?>
<!-- Generated by org.testng.reporters.JUnitReportReporter -->
<testsuite hostname="MSI" failures="0" tests="1" name="DemoRestApi.DemoRestApi.SumValidation" time="0.993" errors="0" timestamp="2024-10-15T15:29:10 IST" skipped="0">
  <testcase classname="DemoRestApi.DemoRestApi.SumValidation" name="sumOfCourses" time="0.993"/>
</testsuite> <!-- DemoRestApi.DemoRestApi.SumValidation -->
